[QuantumBrowser] Starting C# Build...
[QuantumBrowser] Compiling...
Microsoft (R) Visual C# Compiler version 4.8.9221.0
for C# 5
Copyright (C) Microsoft Corporation. All rights reserved.

This compiler is provided as part of the Microsoft (R) .NET Framework, but only supports language versions up to C# 5, which is no longer the latest version. For compilers that support newer versions of the C# programming language, see http://go.microsoft.com/fwlink/?LinkID=533240

BrowserForm.WebView.cs(503,35): error CS1525: Invalid expression term '.'
BrowserForm.WebView.cs(503,36): error CS1003: Syntax error, ':' expected
BrowserForm.WebView.cs(503,44): error CS1525: Invalid expression term '.'
BrowserForm.WebView.cs(503,45): error CS1003: Syntax error, ':' expected
BrowserForm.WebView.cs(503,65): error CS1002: ; expected
BrowserForm.WebView.cs(503,65): error CS1525: Invalid expression term ')'
BrowserForm.WebView.cs(503,67): error CS1002: ; expected
BrowserForm.WebView.cs(512,39): error CS1525: Invalid expression term '.'
BrowserForm.WebView.cs(512,40): error CS1003: Syntax error, ':' expected
BrowserForm.WebView.cs(512,48): error CS1525: Invalid expression term '.'
BrowserForm.WebView.cs(512,49): error CS1003: Syntax error, ':' expected
BrowserForm.WebView.cs(512,69): error CS1002: ; expected
BrowserForm.WebView.cs(512,69): error CS1525: Invalid expression term ')'
BrowserForm.WebView.cs(512,71): error CS1002: ; expected
BrowserForm.WebView.cs(519,35): error CS1525: Invalid expression term '.'
BrowserForm.WebView.cs(519,36): error CS1003: Syntax error, ':' expected
BrowserForm.WebView.cs(519,44): error CS1525: Invalid expression term '.'
BrowserForm.WebView.cs(519,45): error CS1003: Syntax error, ':' expected
BrowserForm.WebView.cs(519,65): error CS1002: ; expected
BrowserForm.WebView.cs(519,65): error CS1525: Invalid expression term ')'
BrowserForm.WebView.cs(519,67): error CS1002: ; expected
QuantumBrowser.cs(64,23): warning CS0219: The variable 'HTCLIENT' is assigned but its value is never used
QuantumBrowser.cs(65,23): warning CS0219: The variable 'HTCAPTION' is assigned but its value is never used
[Error] Compilation Failed!
Press any key to continue . . . 
Terminate batch job (Y/N)? 